<?xml version="1.0" encoding="UTF-8"?>
<!-- Generated by org.testng.reporters.JUnitReportReporter -->
<testsuite hostname="pappy-pc" name="TestNgExamples.Ex2" tests="1" failures="0" timestamp="12 Jan 2016 17:45:58 GMT" time="22.563" errors="0">
  <testcase name="test" time="22.563" classname="TestNgExamples.Ex2"/>
</testsuite> <!-- TestNgExamples.Ex2 -->
